<?xml version="1.0" encoding="UTF-8" ?>
<testsuite tests="8" failures="1" name="TestSuite" time="2.739" errors="0" skipped="7">
  <properties>
    <property name="java.runtime.name" value="Java(TM) SE Runtime Environment"/>
    <property name="java.vm.version" value="12.0.2+10"/>
    <property name="sun.boot.library.path" value="D:\JDK\JDK12\bin"/>
    <property name="java.vm.vendor" value="Oracle Corporation"/>
    <property name="java.vendor.url" value="https://java.oracle.com/"/>
    <property name="path.separator" value=";"/>
    <property name="java.vm.name" value="Java HotSpot(TM) 64-Bit Server VM"/>
    <property name="sun.os.patch.level" value=""/>
    <property name="user.script" value=""/>
    <property name="user.country" value="CN"/>
    <property name="sun.java.launcher" value="SUN_STANDARD"/>
    <property name="java.vm.specification.name" value="Java Virtual Machine Specification"/>
    <property name="user.dir" value="D:\GIT_WORKSPACE\comautotest"/>
    <property name="java.vm.compressedOopsMode" value="32-bit"/>
    <property name="java.runtime.version" value="12.0.2+10"/>
    <property name="java.awt.graphicsenv" value="sun.awt.Win32GraphicsEnvironment"/>
    <property name="basedir" value="D:\GIT_WORKSPACE\comautotest"/>
    <property name="os.arch" value="amd64"/>
    <property name="surefire.real.class.path" value="D:\GIT_WORKSPACE\comautotest\target\surefire\surefirebooter17366642094619274636.jar"/>
    <property name="java.io.tmpdir" value="C:\Users\acer\AppData\Local\Temp\"/>
    <property name="line.separator" value="
"/>
    <property name="java.vm.specification.vendor" value="Oracle Corporation"/>
    <property name="user.variant" value=""/>
    <property name="os.name" value="Windows 10"/>
    <property name="sun.jnu.encoding" value="GBK"/>
    <property name="java.library.path" value="D:\JDK\JDK12\bin;C:\WINDOWS\Sun\Java\bin;C:\WINDOWS\system32;C:\WINDOWS;C:\Program Files (x86)\NVIDIA Corporation\PhysX\Common;C:\Program Files (x86)\Intel\iCLS Client\;C:\Program Files\Intel\iCLS Client\;C:\Windows\system32;C:\Windows;C:\Windows\System32\Wbem;C:\Windows\System32\WindowsPowerShell\v1.0\;C:\Program Files (x86)\Acer\abFiles\;C:\Program Files\Intel\Intel(R) Management Engine Components\DAL;C:\Program Files\Intel\Intel(R) Management Engine Components\IPT;C:\Program Files (x86)\Intel\Intel(R) Management Engine Components\DAL;C:\Program Files (x86)\Intel\Intel(R) Management Engine Components\IPT;C:\WINDOWS\system32;C:\WINDOWS;C:\WINDOWS\System32\Wbem;C:\WINDOWS\System32\WindowsPowerShell\v1.0\;C:\WINDOWS\System32\OpenSSH\;D:\AS\sdk\tools;D:\AS\sdk\platform-tools;D:\AS\sdk\tools;D:\AS\sdk\platform-tools;D:\PROJECT\driver;D:\git\Git\cmd;D:\JDK\JDK12\bin;D:\maven\apache-maven-3.6.0\bin;C:\ProgramData\Oracle\Java\javapath;D:\mysql\mysql-8.0.15-winx64\bin;D:\MYSQL\mysql-8.0.16-winx64\bin;C:\Users\acer\AppData\Local\Programs\Python\Python35\Scripts\;C:\Users\acer\AppData\Local\Programs\Python\Python35\;C:\Users\acer\AppData\Local\Microsoft\WindowsApps;D:\JDK\JDK12\bin;D:\maven\apache-maven-3.6.0\bin;;."/>
    <property name="surefire.test.class.path" value="D:\GIT_WORKSPACE\comautotest\target\test-classes;D:\GIT_WORKSPACE\comautotest\target\classes;D:\maven\mavenrep\org\testng\testng\6.10\testng-6.10.jar;D:\maven\mavenrep\org\apache\httpcomponents\httpclient\4.1.2\httpclient-4.1.2.jar;D:\maven\mavenrep\org\apache\httpcomponents\httpcore\4.1.2\httpcore-4.1.2.jar;D:\maven\mavenrep\commons-codec\commons-codec\1.4\commons-codec-1.4.jar;D:\maven\mavenrep\com\squareup\okhttp\okhttp\2.5.0\okhttp-2.5.0.jar;D:\maven\mavenrep\com\squareup\okio\okio\1.6.0\okio-1.6.0.jar;D:\maven\mavenrep\com\beust\jcommander\1.72\jcommander-1.72.jar;D:\maven\mavenrep\com\relevantcodes\extentreports\2.41.1\extentreports-2.41.1.jar;D:\maven\mavenrep\org\jsoup\jsoup\1.8.3\jsoup-1.8.3.jar;D:\maven\mavenrep\org\xerial\sqlite-jdbc\3.8.11.1\sqlite-jdbc-3.8.11.1.jar;D:\maven\mavenrep\org\freemarker\freemarker\2.3.23\freemarker-2.3.23.jar;D:\maven\mavenrep\org\mongodb\mongodb-driver\3.0.4\mongodb-driver-3.0.4.jar;D:\maven\mavenrep\org\mongodb\bson\3.0.4\bson-3.0.4.jar;D:\maven\mavenrep\org\mongodb\mongodb-driver-core\3.0.4\mongodb-driver-core-3.0.4.jar;D:\maven\mavenrep\com\vimalselvam\testng-extentsreport\1.3.1\testng-extentsreport-1.3.1.jar;D:\maven\mavenrep\com\google\guava\guava\20.0\guava-20.0.jar;D:\maven\mavenrep\com\aventstack\extentreports\3.0.6\extentreports-3.0.6.jar;D:\maven\mavenrep\org\apache\httpcomponents\httpmime\4.5.2\httpmime-4.5.2.jar;D:\maven\mavenrep\com\alibaba\fastjson\1.2.41\fastjson-1.2.41.jar;D:\maven\mavenrep\com\google\code\gson\gson\2.2.4\gson-2.2.4.jar;D:\maven\mavenrep\javax\servlet\servlet-api\2.5\servlet-api-2.5.jar;D:\maven\mavenrep\commons-logging\commons-logging\1.2\commons-logging-1.2.jar;D:\maven\mavenrep\log4j\log4j\1.2.17\log4j-1.2.17.jar;D:\maven\mavenrep\org\slf4j\slf4j-api\1.7.25\slf4j-api-1.7.25.jar;"/>
    <property name="jdk.debug" value="release"/>
    <property name="java.class.version" value="56.0"/>
    <property name="java.specification.name" value="Java Platform API Specification"/>
    <property name="sun.management.compiler" value="HotSpot 64-Bit Tiered Compilers"/>
    <property name="os.version" value="10.0"/>
    <property name="user.home" value="C:\Users\acer"/>
    <property name="user.timezone" value="Asia/Shanghai"/>
    <property name="file.encoding" value="UTF-8"/>
    <property name="java.specification.version" value="12"/>
    <property name="user.name" value="acer"/>
    <property name="java.class.path" value="D:\GIT_WORKSPACE\comautotest\target\test-classes;D:\GIT_WORKSPACE\comautotest\target\classes;D:\maven\mavenrep\org\testng\testng\6.10\testng-6.10.jar;D:\maven\mavenrep\org\apache\httpcomponents\httpclient\4.1.2\httpclient-4.1.2.jar;D:\maven\mavenrep\org\apache\httpcomponents\httpcore\4.1.2\httpcore-4.1.2.jar;D:\maven\mavenrep\commons-codec\commons-codec\1.4\commons-codec-1.4.jar;D:\maven\mavenrep\com\squareup\okhttp\okhttp\2.5.0\okhttp-2.5.0.jar;D:\maven\mavenrep\com\squareup\okio\okio\1.6.0\okio-1.6.0.jar;D:\maven\mavenrep\com\beust\jcommander\1.72\jcommander-1.72.jar;D:\maven\mavenrep\com\relevantcodes\extentreports\2.41.1\extentreports-2.41.1.jar;D:\maven\mavenrep\org\jsoup\jsoup\1.8.3\jsoup-1.8.3.jar;D:\maven\mavenrep\org\xerial\sqlite-jdbc\3.8.11.1\sqlite-jdbc-3.8.11.1.jar;D:\maven\mavenrep\org\freemarker\freemarker\2.3.23\freemarker-2.3.23.jar;D:\maven\mavenrep\org\mongodb\mongodb-driver\3.0.4\mongodb-driver-3.0.4.jar;D:\maven\mavenrep\org\mongodb\bson\3.0.4\bson-3.0.4.jar;D:\maven\mavenrep\org\mongodb\mongodb-driver-core\3.0.4\mongodb-driver-core-3.0.4.jar;D:\maven\mavenrep\com\vimalselvam\testng-extentsreport\1.3.1\testng-extentsreport-1.3.1.jar;D:\maven\mavenrep\com\google\guava\guava\20.0\guava-20.0.jar;D:\maven\mavenrep\com\aventstack\extentreports\3.0.6\extentreports-3.0.6.jar;D:\maven\mavenrep\org\apache\httpcomponents\httpmime\4.5.2\httpmime-4.5.2.jar;D:\maven\mavenrep\com\alibaba\fastjson\1.2.41\fastjson-1.2.41.jar;D:\maven\mavenrep\com\google\code\gson\gson\2.2.4\gson-2.2.4.jar;D:\maven\mavenrep\javax\servlet\servlet-api\2.5\servlet-api-2.5.jar;D:\maven\mavenrep\commons-logging\commons-logging\1.2\commons-logging-1.2.jar;D:\maven\mavenrep\log4j\log4j\1.2.17\log4j-1.2.17.jar;D:\maven\mavenrep\org\slf4j\slf4j-api\1.7.25\slf4j-api-1.7.25.jar;"/>
    <property name="java.vm.specification.version" value="12"/>
    <property name="sun.arch.data.model" value="64"/>
    <property name="sun.java.command" value="D:\GIT_WORKSPACE\comautotest\target\surefire\surefirebooter17366642094619274636.jar D:\GIT_WORKSPACE\comautotest\target\surefire\surefire2073721454935005255tmp D:\GIT_WORKSPACE\comautotest\target\surefire\surefire15793090420862716974tmp"/>
    <property name="java.home" value="D:\JDK\JDK12"/>
    <property name="user.language" value="zh"/>
    <property name="java.specification.vendor" value="Oracle Corporation"/>
    <property name="awt.toolkit" value="sun.awt.windows.WToolkit"/>
    <property name="java.vm.info" value="mixed mode, sharing"/>
    <property name="java.version" value="12.0.2"/>
    <property name="java.vendor" value="Oracle Corporation"/>
    <property name="localRepository" value="D:\maven\mavenrep"/>
    <property name="file.separator" value="\"/>
    <property name="java.version.date" value="2019-07-16"/>
    <property name="java.vendor.url.bug" value="https://bugreport.java.com/bugreport/"/>
    <property name="sun.io.unicode.encoding" value="UnicodeLittle"/>
    <property name="sun.cpu.endian" value="little"/>
    <property name="sun.desktop" value="windows"/>
    <property name="sun.cpu.isalist" value="amd64"/>
  </properties>
  <testcase classname="test_case.Case1" name="before_class" time="0">
    <failure type="java.lang.NullPointerException">java.lang.NullPointerException
	at basic.BasicFun.getCityNameFromMysql(BasicFun.java:66)
	at test_case.Case1.before_class(Case1.java:29)
</failure>
    <system-out>@HL
@HL-------------------------------------------------------
@HL T E S T S
@HL-------------------------------------------------------
@SLRunning TestSuite
[TestNGContentHandler] [WARN] It is strongly recommended to add &quot;&lt;!DOCTYPE suite SYSTEM &quot;http://testng.org/testng-1.0.dtd&quot; &gt;&quot; at the top of your file, otherwise TestNG may fail or not work as expected.
2019-07-17 11:54:09,381 INFO [test_case.Case1]:27 - BeforeClass
</system-out>
    <system-err>java.lang.ClassNotFoundException: com.mysql.jdbc.Driver
	at java.base/jdk.internal.loader.BuiltinClassLoader.loadClass(BuiltinClassLoader.java:583)
	at java.base/jdk.internal.loader.ClassLoaders$AppClassLoader.loadClass(ClassLoaders.java:178)
	at java.base/java.lang.ClassLoader.loadClass(ClassLoader.java:521)
	at java.base/java.lang.Class.forName0(Native Method)
	at java.base/java.lang.Class.forName(Class.java:332)
	at basic.BasicFun.getCityNameFromMysql(BasicFun.java:46)
	at test_case.Case1.before_class(Case1.java:29)
	at java.base/jdk.internal.reflect.NativeMethodAccessorImpl.invoke0(Native Method)
	at java.base/jdk.internal.reflect.NativeMethodAccessorImpl.invoke(NativeMethodAccessorImpl.java:62)
	at java.base/jdk.internal.reflect.DelegatingMethodAccessorImpl.invoke(DelegatingMethodAccessorImpl.java:43)
	at java.base/java.lang.reflect.Method.invoke(Method.java:567)
	at org.testng.internal.MethodInvocationHelper.invokeMethod(MethodInvocationHelper.java:104)
	at org.testng.internal.Invoker.invokeConfigurationMethod(Invoker.java:515)
	at org.testng.internal.Invoker.invokeConfigurations(Invoker.java:217)
	at org.testng.internal.Invoker.invokeConfigurations(Invoker.java:144)
	at org.testng.internal.TestMethodWorker.invokeBeforeClassMethods(TestMethodWorker.java:169)
	at org.testng.internal.TestMethodWorker.run(TestMethodWorker.java:108)
	at org.testng.TestRunner.privateRun(TestRunner.java:756)
	at org.testng.TestRunner.run(TestRunner.java:610)
	at org.testng.SuiteRunner.runTest(SuiteRunner.java:387)
	at org.testng.SuiteRunner.runSequentially(SuiteRunner.java:382)
	at org.testng.SuiteRunner.privateRun(SuiteRunner.java:340)
	at org.testng.SuiteRunner.run(SuiteRunner.java:289)
	at org.testng.SuiteRunnerWorker.runSuite(SuiteRunnerWorker.java:52)
	at org.testng.SuiteRunnerWorker.run(SuiteRunnerWorker.java:86)
	at org.testng.TestNG.runSuitesSequentially(TestNG.java:1293)
	at org.testng.TestNG.runSuitesLocally(TestNG.java:1218)
	at org.testng.TestNG.runSuites(TestNG.java:1133)
	at org.testng.TestNG.run(TestNG.java:1104)
	at org.apache.maven.surefire.testng.TestNGExecutor.run(TestNGExecutor.java:74)
	at org.apache.maven.surefire.testng.TestNGXmlTestSuite.execute(TestNGXmlTestSuite.java:93)
	at org.apache.maven.surefire.testng.TestNGProvider.invoke(TestNGProvider.java:101)
	at java.base/jdk.internal.reflect.NativeMethodAccessorImpl.invoke0(Native Method)
	at java.base/jdk.internal.reflect.NativeMethodAccessorImpl.invoke(NativeMethodAccessorImpl.java:62)
	at java.base/jdk.internal.reflect.DelegatingMethodAccessorImpl.invoke(DelegatingMethodAccessorImpl.java:43)
	at java.base/java.lang.reflect.Method.invoke(Method.java:567)
	at org.apache.maven.surefire.booter.ProviderFactory$ClassLoaderProxy.invoke(ProviderFactory.java:103)
	at com.sun.proxy.$Proxy0.invoke(Unknown Source)
	at org.apache.maven.surefire.booter.SurefireStarter.invokeProvider(SurefireStarter.java:145)
	at org.apache.maven.surefire.booter.SurefireStarter.runSuitesInProcess(SurefireStarter.java:87)
	at org.apache.maven.surefire.booter.ForkedBooter.main(ForkedBooter.java:69)
</system-err>
  </testcase>
  <testcase classname="test_case.Case1" name="before_methd" time="0.012">
    <skipped/>
  </testcase>
  <testcase classname="test_case.Case1" name="case1_1" time="0">
    <skipped/>
  </testcase>
  <testcase classname="test_case.Case1" name="before_methd" time="0.001">
    <skipped/>
  </testcase>
  <testcase classname="test_case.Case1" name="case1_2" time="0">
    <skipped/>
  </testcase>
  <testcase classname="test_case.Case1" name="before_methd" time="0">
    <skipped/>
  </testcase>
  <testcase classname="test_case.Case1" name="case1_3" time="0">
    <skipped/>
  </testcase>
  <testcase classname="test_case.Case1" name="afterclass" time="0.001">
    <skipped/>
  </testcase>
</testsuite>